[2025-11-25 09:01:11] INFO    Starting background job
[2025-11-25 09:01:17] DEBUG   Cache warmed successfully
[2025-11-25 09:01:40] TRACE   Response string: U0VGTUVNVEFfU1Q=   #base64 decoy
[2025-11-25 09:02:09] DEBUG   Auth user request received
[2025-11-25 09:02:10] INFO    Session created with token 39af5c1
[2025-11-25 09:02:33] DEBUG   pf: Rk     # partial but tiny
[2025-11-25 09:02:44] TRACE   reconnecting in 2 sec
[2025-11-25 09:03:01] DEBUG   user-id=1729
[2025-11-25 09:03:07] DEBUG   pf: bEEgey   # random noise
[2025-11-25 09:03:18] DEBUG   heartbeat ok
[2025-11-25 09:03:30] DEBUG   pf: TGFC     # useless
[2025-11-25 09:03:50] DEBUG   Event listener attached
[2025-11-25 09:04:01] DEBUG   FLAG_SPLIT: Rk
[2025-11-25 09:04:02] DEBUG   FLAG_SPLIT: TBU
[2025-11-25 09:04:03] DEBUG   FLAG_SPLIT: QVJCVQ
[2025-11-25 09:04:04] DEBUG   FLAG_SPLIT: Q0tTRy1H
[2025-11-25 09:04:05] DEBUG   FLAG_SPLIT: QUNISUJPVw==
[2025-11-25 09:04:07] DEBUG   FLAG_SPLIT: TElfMjYt
[2025-11-25 09:04:08] DEBUG   FLAG_SPLIT: MTEtMjAyNQ==
[2025-11-25 09:04:12] WARN    Cannot reach metrics service
[2025-11-25 09:04:20] DEBUG   Endpoint returned 200 OK
[2025-11-25 09:05:14] DEBUG   Retrying connection
[2025-11-25 09:06:05] TRACE   Partial signature: 4A3F7671C
[2025-11-25 09:06:11] DEBUG   pf: FLAG{STARBUCKS-HYDERABAD}
[2025-11-25 09:06:17] ERROR   timeout
[2025-11-25 09:06:45] DEBUG   pf: GACHIBOWLI-26-11-2025}
[2025-11-25 09:07:01] DEBUG   Recovered data block from queue

